$ . build.sh 
~/src/MECTsrl/remote-desktop-clients_v4.0.0_mect/eclipse_projects ~/src/MECTsrl/remote-desktop-clients_v4.0.0_mect
--2018-05-07 14:37:02--  https://github.com/iiordanov/remote-desktop-clients/releases/download/dependencies/remote-desktop-clients-libs-3.tar.gz
Risoluzione di github.com (github.com)... 192.30.253.112, 192.30.253.113
Connessione a github.com (github.com)|192.30.253.112|:443... connesso.
Richiesta HTTP inviata, in attesa di risposta... 302 Found
Posizione: https://github-production-release-asset-2e65be.s3.amazonaws.com/3554148/a44ee8be-3b31-11e8-85ed-f91f2b8349f7?X-Amz-Algorithm=AWS4-HMAC-SHA256&X-Amz-Credential=AKIAIWNJYAX4CSVEH53A%2F20180507%2Fus-east-1%2Fs3%2Faws4_request&X-Amz-Date=20180507T123702Z&X-Amz-Expires=300&X-Amz-Signature=63c0fe421e5b71f7e5f099144f3bbeabb43c0e5cc02e8bc8299d3659b252d347&X-Amz-SignedHeaders=host&actor_id=0&response-content-disposition=attachment%3B%20filename%3Dremote-desktop-clients-libs-3.tar.gz&response-content-type=application%2Foctet-stream [segue]
--2018-05-07 14:37:02--  https://github-production-release-asset-2e65be.s3.amazonaws.com/3554148/a44ee8be-3b31-11e8-85ed-f91f2b8349f7?X-Amz-Algorithm=AWS4-HMAC-SHA256&X-Amz-Credential=AKIAIWNJYAX4CSVEH53A%2F20180507%2Fus-east-1%2Fs3%2Faws4_request&X-Amz-Date=20180507T123702Z&X-Amz-Expires=300&X-Amz-Signature=63c0fe421e5b71f7e5f099144f3bbeabb43c0e5cc02e8bc8299d3659b252d347&X-Amz-SignedHeaders=host&actor_id=0&response-content-disposition=attachment%3B%20filename%3Dremote-desktop-clients-libs-3.tar.gz&response-content-type=application%2Foctet-stream
Risoluzione di github-production-release-asset-2e65be.s3.amazonaws.com (github-production-release-asset-2e65be.s3.amazonaws.com)... 52.216.230.195
Connessione a github-production-release-asset-2e65be.s3.amazonaws.com (github-production-release-asset-2e65be.s3.amazonaws.com)|52.216.230.195|:443... connesso.
Richiesta HTTP inviata, in attesa di risposta... 200 OK
Lunghezza: 91031963 (87M) [application/octet-stream]
Salvataggio in: "remote-desktop-clients-libs-3.tar.gz"

remote-desktop-clients-libs-3.tar 100%[=============================================================>]  86,81M   992KB/s    in 88s     

2018-05-07 14:38:31 (1013 KB/s) - "remote-desktop-clients-libs-3.tar.gz" salvato [91031963/91031963]

Done downloading and extracting dependencies.
~/src/MECTsrl/remote-desktop-clients_v4.0.0_mect
~/src/MECTsrl/remote-desktop-clients_v4.0.0_mect/eclipse_projects/bVNC ~/src/MECTsrl/remote-desktop-clients_v4.0.0_mect
~/src/MECTsrl/remote-desktop-clients_v4.0.0_mect

Done copying prebuilt sqlitegen and Gstreamer files.
~/src/MECTsrl/remote-desktop-clients_v4.0.0_mect/eclipse_projects/bVNC ~/src/MECTsrl/remote-desktop-clients_v4.0.0_mect
~/src/MECTsrl/remote-desktop-clients_v4.0.0_mect/eclipse_projects/bVNC ~/src/MECTsrl/remote-desktop-clients_v4.0.0_mect/eclipse_projects/bVNC
~/src/MECTsrl/remote-desktop-clients_v4.0.0_mect/eclipse_projects/bVNC

Done copying prebuilt sqlitegen and Gstreamer files.
~/src/MECTsrl/remote-desktop-clients_v4.0.0_mect

Now please switch to your IDE, select the bVNC project, refresh with F5,
and then clean and rebuild the project.
$ 
